{"meta": {"format": 3, "version": "7.13.4", "timestamp": "2026-02-19T17:50:47.500846", "branch_coverage": false, "show_contexts": false}, "files": {"src/qwen3_call_patch_proxy/__init__.py": {"executed_lines": [20, 21, 22, 23, 24, 25, 26, 27, 28, 29, 30, 31, 32, 33, 36, 37, 38, 40, 42, 44, 47, 48, 49, 51, 54, 55, 56, 58, 61, 62, 63, 64, 67, 68, 69, 70, 73, 74, 76, 77, 78, 79, 80, 81, 83, 87, 89, 90, 92, 93, 96, 97, 99, 100, 101, 102, 103, 105, 116, 136, 138, 139, 140, 143, 144, 145, 146, 147, 148, 150, 155, 157, 194, 195, 197, 200, 201, 203, 204, 206, 207, 209, 211, 212, 213, 215, 216, 217, 219, 220, 221, 222, 223, 225, 226, 227, 230, 232, 235, 237, 240, 241, 242, 245, 246, 249, 250, 251, 252, 253, 254, 256, 257, 258, 260, 262, 263, 264, 267, 268, 269, 270, 271, 274, 276, 278, 283, 292, 295, 297, 298, 299, 300, 301, 302, 303, 304, 311, 313, 318, 322, 328, 330, 334, 335, 338, 480, 496, 506, 508, 512, 514, 517, 518, 519, 522, 523, 525, 528, 530, 531, 533, 537, 538, 543, 552, 555, 557, 561, 563, 568, 570, 571, 572, 575, 578, 579, 581, 582, 583, 584, 585, 587, 589, 590, 593, 596, 597, 599, 600, 603, 605, 606, 612, 615, 616, 617, 620, 621, 628, 629, 630, 634, 635, 638, 640, 641, 644, 645, 653, 655, 657, 670, 672, 675, 676, 677, 678, 680, 681, 687, 689, 690, 691, 693, 694, 697, 698, 700, 701, 765, 769, 770, 773, 774, 776, 779, 782, 783, 784, 786, 787, 788, 790, 793, 798, 801, 802, 804, 827, 835, 836, 872, 951, 977, 1024, 1026, 1027, 1029, 1032, 1036, 1037, 1038, 1040, 1041, 1042, 1043, 1045, 1046, 1047, 1049, 1050, 1051, 1053, 1054, 1056, 1057, 1058, 1059, 1062, 1063, 1068, 1071, 1080, 1082, 1086, 1087, 1088, 1089, 1090, 1091, 1092, 1093, 1094, 1095, 1096, 1097, 1098, 1099, 1100, 1101, 1102, 1103, 1104, 1105, 1106, 1107, 1108, 1109, 1110, 1111, 1112, 1114, 1116, 1119, 1127, 1128, 1129, 1131, 1135, 1136, 1138, 1139, 1142, 1143, 1144, 1146, 1152, 1155, 1156, 1157, 1159, 1165, 1178, 1191, 1248], "summary": {"covered_lines": 336, "num_statements": 644, "percent_covered": 52.17391304347826, "percent_covered_display": "52", "missing_lines": 308, "excluded_lines": 0, "percent_statements_covered": 52.17391304347826, "percent_statements_covered_display": "52"}, "missing_lines": [85, 106, 110, 111, 113, 151, 152, 153, 265, 266, 272, 273, 280, 282, 284, 285, 287, 288, 289, 290, 305, 306, 307, 309, 314, 340, 341, 342, 343, 345, 346, 349, 352, 354, 357, 358, 359, 362, 363, 364, 366, 367, 369, 372, 374, 376, 377, 379, 380, 381, 382, 383, 384, 386, 387, 388, 390, 391, 394, 395, 397, 398, 399, 401, 402, 403, 404, 406, 407, 409, 410, 411, 415, 417, 419, 420, 421, 424, 425, 426, 427, 428, 429, 430, 433, 436, 437, 442, 443, 445, 446, 447, 449, 450, 451, 454, 456, 457, 458, 459, 462, 463, 464, 467, 468, 469, 470, 473, 474, 475, 476, 477, 482, 484, 485, 487, 488, 489, 490, 491, 492, 493, 498, 499, 500, 501, 503, 509, 510, 515, 564, 566, 622, 624, 626, 661, 662, 664, 666, 702, 714, 715, 720, 727, 728, 730, 731, 732, 733, 737, 738, 743, 744, 745, 746, 747, 748, 749, 757, 759, 762, 766, 794, 795, 805, 806, 808, 809, 811, 812, 813, 815, 816, 820, 822, 823, 838, 841, 842, 843, 844, 845, 847, 854, 855, 856, 860, 861, 862, 864, 866, 868, 869, 874, 875, 877, 878, 879, 881, 884, 885, 886, 887, 892, 893, 896, 897, 898, 900, 902, 903, 904, 906, 910, 911, 926, 928, 929, 930, 932, 934, 935, 937, 938, 942, 946, 947, 953, 954, 956, 959, 960, 961, 962, 965, 966, 967, 970, 971, 972, 973, 974, 980, 983, 985, 996, 1000, 1001, 1002, 1003, 1004, 1006, 1007, 1008, 1009, 1012, 1014, 1015, 1016, 1018, 1021, 1033, 1060, 1064, 1073, 1074, 1075, 1076, 1077, 1083, 1160, 1161, 1162, 1167, 1175, 1180, 1182, 1183, 1185, 1186, 1187, 1193, 1194, 1199, 1204, 1210, 1216, 1218, 1219, 1220, 1223, 1224, 1227, 1229, 1230, 1231, 1232, 1233, 1234, 1235, 1236, 1237, 1239, 1240, 1241, 1242, 1245, 1249], "excluded_lines": [], "functions": {"ToolBuffer.is_expired": {"executed_lines": [], "summary": {"covered_lines": 0, "num_statements": 1, "percent_covered": 0.0, "percent_covered_display": "0", "missing_lines": 1, "excluded_lines": 0, "percent_statements_covered": 0.0, "percent_statements_covered_display": "0"}, "missing_lines": [85], "excluded_lines": [], "start_line": 83}, "ToolBuffer.update_content": {"executed_lines": [89, 90], "summary": {"covered_lines": 2, "num_statements": 2, "percent_covered": 100.0, "percent_covered_display": "100", "missing_lines": 0, "excluded_lines": 0, "percent_statements_covered": 100.0, "percent_statements_covered_display": "100"}, "missing_lines": [], "excluded_lines": [], "start_line": 87}, "ToolBuffer.size": {"executed_lines": [93], "summary": {"covered_lines": 1, "num_statements": 1, "percent_covered": 100.0, "percent_covered_display": "100", "missing_lines": 0, "excluded_lines": 0, "percent_statements_covered": 100.0, "percent_statements_covered_display": "100"}, "missing_lines": [], "excluded_lines": [], "start_line": 92}, "RequestState.cleanup_expired_buffers": {"executed_lines": [], "summary": {"covered_lines": 0, "num_statements": 4, "percent_covered": 0.0, "percent_covered_display": "0", "missing_lines": 4, "excluded_lines": 0, "percent_statements_covered": 0.0, "percent_statements_covered_display": "0"}, "missing_lines": [106, 110, 111, 113], "excluded_lines": [], "start_line": 105}, "ToolFixEngine.__init__": {"executed_lines": [138, 139, 140], "summary": {"covered_lines": 3, "num_statements": 3, "percent_covered": 100.0, "percent_covered_display": "100", "missing_lines": 0, "excluded_lines": 0, "percent_statements_covered": 100.0, "percent_statements_covered_display": "100"}, "missing_lines": [], "excluded_lines": [], "start_line": 136}, "ToolFixEngine._load_config": {"executed_lines": [144, 145, 146, 147, 148, 150], "summary": {"covered_lines": 6, "num_statements": 9, "percent_covered": 66.66666666666667, "percent_covered_display": "67", "missing_lines": 3, "excluded_lines": 0, "percent_statements_covered": 66.66666666666667, "percent_statements_covered_display": "67"}, "missing_lines": [151, 152, 153], "excluded_lines": [], "start_line": 143}, "ToolFixEngine._get_default_config": {"executed_lines": [157], "summary": {"covered_lines": 1, "num_statements": 1, "percent_covered": 100.0, "percent_covered_display": "100", "missing_lines": 0, "excluded_lines": 0, "percent_statements_covered": 100.0, "percent_statements_covered_display": "100"}, "missing_lines": [], "excluded_lines": [], "start_line": 155}, "ToolFixEngine.get_setting": {"executed_lines": [195], "summary": {"covered_lines": 1, "num_statements": 1, "percent_covered": 100.0, "percent_covered_display": "100", "missing_lines": 0, "excluded_lines": 0, "percent_statements_covered": 100.0, "percent_statements_covered_display": "100"}, "missing_lines": [], "excluded_lines": [], "start_line": 194}, "ToolFixEngine.apply_fixes": {"executed_lines": [200, 201, 203, 204, 206, 207, 209, 211, 212, 213, 215, 216, 217, 219, 220, 221, 222, 223, 225, 226, 227, 230, 232, 235], "summary": {"covered_lines": 24, "num_statements": 24, "percent_covered": 100.0, "percent_covered_display": "100", "missing_lines": 0, "excluded_lines": 0, "percent_statements_covered": 100.0, "percent_statements_covered_display": "100"}, "missing_lines": [], "excluded_lines": [], "start_line": 197}, "ToolFixEngine._apply_single_fix": {"executed_lines": [240, 241, 242, 245, 246, 249, 250, 251, 252, 253, 254, 256, 257, 258, 260, 262, 263, 264, 267, 268, 269, 270, 271, 274, 276, 278, 283], "summary": {"covered_lines": 27, "num_statements": 39, "percent_covered": 69.23076923076923, "percent_covered_display": "69", "missing_lines": 12, "excluded_lines": 0, "percent_statements_covered": 69.23076923076923, "percent_statements_covered_display": "69"}, "missing_lines": [265, 266, 272, 273, 280, 282, 284, 285, 287, 288, 289, 290], "excluded_lines": [], "start_line": 237}, "ToolFixEngine._check_condition": {"executed_lines": [295, 297, 298, 299, 300, 301, 302, 303, 304], "summary": {"covered_lines": 9, "num_statements": 13, "percent_covered": 69.23076923076923, "percent_covered_display": "69", "missing_lines": 4, "excluded_lines": 0, "percent_statements_covered": 69.23076923076923, "percent_statements_covered_display": "69"}, "missing_lines": [305, 306, 307, 309], "excluded_lines": [], "start_line": 292}, "ToolFixEngine._fix_malformed_json": {"executed_lines": [313, 318, 322, 328, 330], "summary": {"covered_lines": 5, "num_statements": 6, "percent_covered": 83.33333333333333, "percent_covered_display": "83", "missing_lines": 1, "excluded_lines": 0, "percent_statements_covered": 83.33333333333333, "percent_statements_covered_display": "83"}, "missing_lines": [314], "excluded_lines": [], "start_line": 311}, "handle_request": {"executed_lines": [], "summary": {"covered_lines": 0, "num_statements": 87, "percent_covered": 0.0, "percent_covered_display": "0", "missing_lines": 87, "excluded_lines": 0, "percent_statements_covered": 0.0, "percent_statements_covered_display": "0"}, "missing_lines": [340, 341, 342, 343, 345, 346, 349, 352, 354, 357, 358, 359, 362, 363, 364, 366, 367, 369, 372, 374, 376, 377, 379, 380, 381, 382, 383, 384, 386, 387, 388, 390, 391, 394, 395, 397, 398, 399, 401, 402, 403, 404, 406, 407, 409, 410, 411, 415, 417, 419, 420, 421, 424, 425, 426, 427, 428, 429, 430, 433, 436, 437, 442, 443, 445, 446, 447, 449, 450, 451, 454, 456, 457, 458, 459, 462, 463, 464, 467, 468, 469, 470, 473, 474, 475, 476, 477], "excluded_lines": [], "start_line": 338}, "periodic_cleanup": {"executed_lines": [], "summary": {"covered_lines": 0, "num_statements": 10, "percent_covered": 0.0, "percent_covered_display": "0", "missing_lines": 10, "excluded_lines": 0, "percent_statements_covered": 0.0, "percent_statements_covered_display": "0"}, "missing_lines": [482, 484, 485, 487, 488, 489, 490, 491, 492, 493], "excluded_lines": [], "start_line": 480}, "cleanup_request": {"executed_lines": [], "summary": {"covered_lines": 0, "num_statements": 5, "percent_covered": 0.0, "percent_covered_display": "0", "missing_lines": 5, "excluded_lines": 0, "percent_statements_covered": 0.0, "percent_statements_covered_display": "0"}, "missing_lines": [498, 499, 500, 501, 503], "excluded_lines": [], "start_line": 496}, "process_sse_event": {"executed_lines": [508, 512, 514, 517, 518, 519, 522, 523, 525, 528, 530, 531, 533, 537, 538, 543, 552, 555, 557, 561, 563, 568, 570, 571, 572, 575, 578, 579, 581, 582, 583, 584, 585, 587, 589, 590, 593, 596, 597, 599, 600, 603, 605, 606, 612, 615, 616, 617, 620, 621, 628, 629, 630, 634, 635, 638, 640, 641, 644, 645, 653, 655, 657, 670, 672, 675, 676, 677, 678, 680, 681, 687, 689, 690, 691, 693, 694, 697, 698, 700, 701, 765, 769, 770, 773, 774, 776], "summary": {"covered_lines": 87, "num_statements": 122, "percent_covered": 71.31147540983606, "percent_covered_display": "71", "missing_lines": 35, "excluded_lines": 0, "percent_statements_covered": 71.31147540983606, "percent_statements_covered_display": "71"}, "missing_lines": [509, 510, 515, 564, 566, 622, 624, 626, 661, 662, 664, 666, 702, 714, 715, 720, 727, 728, 730, 731, 732, 733, 737, 738, 743, 744, 745, 746, 747, 748, 749, 757, 759, 762, 766], "excluded_lines": [], "start_line": 506}, "process_complete_buffer": {"executed_lines": [782, 783, 784, 786, 787, 788, 790, 793, 798, 801, 802, 804], "summary": {"covered_lines": 12, "num_statements": 26, "percent_covered": 46.15384615384615, "percent_covered_display": "46", "missing_lines": 14, "excluded_lines": 0, "percent_statements_covered": 46.15384615384615, "percent_statements_covered_display": "46"}, "missing_lines": [794, 795, 805, 806, 808, 809, 811, 812, 813, 815, 816, 820, 822, 823], "excluded_lines": [], "start_line": 779}, "process_all_buffers": {"executed_lines": [835, 836], "summary": {"covered_lines": 2, "num_statements": 19, "percent_covered": 10.526315789473685, "percent_covered_display": "11", "missing_lines": 17, "excluded_lines": 0, "percent_statements_covered": 10.526315789473685, "percent_statements_covered_display": "11"}, "missing_lines": [838, 841, 842, 843, 844, 845, 847, 854, 855, 856, 860, 861, 862, 864, 866, 868, 869], "excluded_lines": [], "start_line": 827}, "process_remaining_buffers": {"executed_lines": [], "summary": {"covered_lines": 0, "num_statements": 34, "percent_covered": 0.0, "percent_covered_display": "0", "missing_lines": 34, "excluded_lines": 0, "percent_statements_covered": 0.0, "percent_statements_covered_display": "0"}, "missing_lines": [874, 875, 877, 878, 879, 881, 884, 885, 886, 887, 892, 893, 896, 897, 898, 900, 902, 903, 904, 906, 910, 911, 926, 928, 929, 930, 932, 934, 935, 937, 938, 942, 946, 947], "excluded_lines": [], "start_line": 872}, "try_fix_incomplete_json": {"executed_lines": [], "summary": {"covered_lines": 0, "num_statements": 15, "percent_covered": 0.0, "percent_covered_display": "0", "missing_lines": 15, "excluded_lines": 0, "percent_statements_covered": 0.0, "percent_statements_covered_display": "0"}, "missing_lines": [953, 954, 956, 959, 960, 961, 962, 965, 966, 967, 970, 971, 972, 973, 974], "excluded_lines": [], "start_line": 951}, "try_json_recovery": {"executed_lines": [], "summary": {"covered_lines": 0, "num_statements": 18, "percent_covered": 0.0, "percent_covered_display": "0", "missing_lines": 18, "excluded_lines": 0, "percent_statements_covered": 0.0, "percent_statements_covered_display": "0"}, "missing_lines": [980, 985, 996, 1000, 1001, 1002, 1003, 1004, 1006, 1007, 1008, 1009, 1012, 1014, 1015, 1016, 1018, 1021], "excluded_lines": [], "start_line": 977}, "try_json_recovery._strip_malformed_trailing_duplicate_key": {"executed_lines": [], "summary": {"covered_lines": 0, "num_statements": 1, "percent_covered": 0.0, "percent_covered_display": "0", "missing_lines": 1, "excluded_lines": 0, "percent_statements_covered": 0.0, "percent_statements_covered_display": "0"}, "missing_lines": [983], "excluded_lines": [], "start_line": 980}, "is_json_complete": {"executed_lines": [1026, 1027, 1029, 1032, 1036, 1037, 1038, 1040, 1041, 1042, 1043, 1045, 1046, 1047, 1049, 1050, 1051, 1053, 1054, 1056, 1057, 1058, 1059, 1062, 1063, 1068], "summary": {"covered_lines": 26, "num_statements": 29, "percent_covered": 89.65517241379311, "percent_covered_display": "90", "missing_lines": 3, "excluded_lines": 0, "percent_statements_covered": 89.65517241379311, "percent_statements_covered_display": "90"}, "missing_lines": [1033, 1060, 1064], "excluded_lines": [], "start_line": 1024}, "validate_json_syntax": {"executed_lines": [], "summary": {"covered_lines": 0, "num_statements": 5, "percent_covered": 0.0, "percent_covered_display": "0", "missing_lines": 5, "excluded_lines": 0, "percent_statements_covered": 0.0, "percent_statements_covered_display": "0"}, "missing_lines": [1073, 1074, 1075, 1076, 1077], "excluded_lines": [], "start_line": 1071}, "infer_tool_name_from_content": {"executed_lines": [1082, 1086, 1087, 1088, 1089, 1090, 1091, 1092, 1093, 1094, 1095, 1096, 1097, 1098, 1099, 1100, 1101, 1102, 1103, 1104, 1105, 1106, 1107, 1108, 1109, 1110, 1111, 1112, 1114, 1116], "summary": {"covered_lines": 30, "num_statements": 31, "percent_covered": 96.7741935483871, "percent_covered_display": "97", "missing_lines": 1, "excluded_lines": 0, "percent_statements_covered": 96.7741935483871, "percent_statements_covered_display": "97"}, "missing_lines": [1083], "excluded_lines": [], "start_line": 1080}, "detect_and_convert_xml_tool_call": {"executed_lines": [1127, 1128, 1129, 1131, 1135, 1136, 1138, 1139, 1142, 1143, 1144, 1146], "summary": {"covered_lines": 12, "num_statements": 12, "percent_covered": 100.0, "percent_covered_display": "100", "missing_lines": 0, "excluded_lines": 0, "percent_statements_covered": 100.0, "percent_statements_covered_display": "100"}, "missing_lines": [], "excluded_lines": [], "start_line": 1119}, "get_fixed_arguments": {"executed_lines": [1155, 1156, 1157, 1159], "summary": {"covered_lines": 4, "num_statements": 7, "percent_covered": 57.142857142857146, "percent_covered_display": "57", "missing_lines": 3, "excluded_lines": 0, "percent_statements_covered": 57.142857142857146, "percent_statements_covered_display": "57"}, "missing_lines": [1160, 1161, 1162], "excluded_lines": [], "start_line": 1152}, "health_check": {"executed_lines": [], "summary": {"covered_lines": 0, "num_statements": 2, "percent_covered": 0.0, "percent_covered_display": "0", "missing_lines": 2, "excluded_lines": 0, "percent_statements_covered": 0.0, "percent_statements_covered_display": "0"}, "missing_lines": [1167, 1175], "excluded_lines": [], "start_line": 1165}, "reload_config": {"executed_lines": [], "summary": {"covered_lines": 0, "num_statements": 6, "percent_covered": 0.0, "percent_covered_display": "0", "missing_lines": 6, "excluded_lines": 0, "percent_statements_covered": 0.0, "percent_statements_covered_display": "0"}, "missing_lines": [1180, 1182, 1183, 1185, 1186, 1187], "excluded_lines": [], "start_line": 1178}, "main": {"executed_lines": [], "summary": {"covered_lines": 0, "num_statements": 26, "percent_covered": 0.0, "percent_covered_display": "0", "missing_lines": 26, "excluded_lines": 0, "percent_statements_covered": 0.0, "percent_statements_covered_display": "0"}, "missing_lines": [1193, 1194, 1199, 1204, 1210, 1216, 1218, 1219, 1220, 1223, 1224, 1227, 1229, 1230, 1231, 1232, 1233, 1234, 1235, 1236, 1237, 1239, 1240, 1241, 1242, 1245], "excluded_lines": [], "start_line": 1191}, "": {"executed_lines": [20, 21, 22, 23, 24, 25, 26, 27, 28, 29, 30, 31, 32, 33, 36, 37, 38, 40, 42, 44, 47, 48, 49, 51, 54, 55, 56, 58, 61, 62, 63, 64, 67, 68, 69, 70, 73, 74, 76, 77, 78, 79, 80, 81, 83, 87, 92, 96, 97, 99, 100, 101, 102, 103, 105, 116, 136, 143, 155, 194, 197, 237, 292, 311, 334, 335, 338, 480, 496, 506, 779, 827, 872, 951, 977, 1024, 1071, 1080, 1119, 1152, 1165, 1178, 1191, 1248], "summary": {"covered_lines": 84, "num_statements": 85, "percent_covered": 98.82352941176471, "percent_covered_display": "99", "missing_lines": 1, "excluded_lines": 0, "percent_statements_covered": 98.82352941176471, "percent_statements_covered_display": "99"}, "missing_lines": [1249], "excluded_lines": [], "start_line": 1}}, "classes": {"ToolBuffer": {"executed_lines": [89, 90, 93], "summary": {"covered_lines": 3, "num_statements": 4, "percent_covered": 75.0, "percent_covered_display": "75", "missing_lines": 1, "excluded_lines": 0, "percent_statements_covered": 75.0, "percent_statements_covered_display": "75"}, "missing_lines": [85], "excluded_lines": [], "start_line": 74}, "RequestState": {"executed_lines": [], "summary": {"covered_lines": 0, "num_statements": 4, "percent_covered": 0.0, "percent_covered_display": "0", "missing_lines": 4, "excluded_lines": 0, "percent_statements_covered": 0.0, "percent_statements_covered_display": "0"}, "missing_lines": [106, 110, 111, 113], "excluded_lines": [], "start_line": 97}, "ToolFixEngine": {"executed_lines": [138, 139, 140, 144, 145, 146, 147, 148, 150, 157, 195, 200, 201, 203, 204, 206, 207, 209, 211, 212, 213, 215, 216, 217, 219, 220, 221, 222, 223, 225, 226, 227, 230, 232, 235, 240, 241, 242, 245, 246, 249, 250, 251, 252, 253, 254, 256, 257, 258, 260, 262, 263, 264, 267, 268, 269, 270, 271, 274, 276, 278, 283, 295, 297, 298, 299, 300, 301, 302, 303, 304, 313, 318, 322, 328, 330], "summary": {"covered_lines": 76, "num_statements": 96, "percent_covered": 79.16666666666667, "percent_covered_display": "79", "missing_lines": 20, "excluded_lines": 0, "percent_statements_covered": 79.16666666666667, "percent_statements_covered_display": "79"}, "missing_lines": [151, 152, 153, 265, 266, 272, 273, 280, 282, 284, 285, 287, 288, 289, 290, 305, 306, 307, 309, 314], "excluded_lines": [], "start_line": 116}, "": {"executed_lines": [20, 21, 22, 23, 24, 25, 26, 27, 28, 29, 30, 31, 32, 33, 36, 37, 38, 40, 42, 44, 47, 48, 49, 51, 54, 55, 56, 58, 61, 62, 63, 64, 67, 68, 69, 70, 73, 74, 76, 77, 78, 79, 80, 81, 83, 87, 92, 96, 97, 99, 100, 101, 102, 103, 105, 116, 136, 143, 155, 194, 197, 237, 292, 311, 334, 335, 338, 480, 496, 506, 508, 512, 514, 517, 518, 519, 522, 523, 525, 528, 530, 531, 533, 537, 538, 543, 552, 555, 557, 561, 563, 568, 570, 571, 572, 575, 578, 579, 581, 582, 583, 584, 585, 587, 589, 590, 593, 596, 597, 599, 600, 603, 605, 606, 612, 615, 616, 617, 620, 621, 628, 629, 630, 634, 635, 638, 640, 641, 644, 645, 653, 655, 657, 670, 672, 675, 676, 677, 678, 680, 681, 687, 689, 690, 691, 693, 694, 697, 698, 700, 701, 765, 769, 770, 773, 774, 776, 779, 782, 783, 784, 786, 787, 788, 790, 793, 798, 801, 802, 804, 827, 835, 836, 872, 951, 977, 1024, 1026, 1027, 1029, 1032, 1036, 1037, 1038, 1040, 1041, 1042, 1043, 1045, 1046, 1047, 1049, 1050, 1051, 1053, 1054, 1056, 1057, 1058, 1059, 1062, 1063, 1068, 1071, 1080, 1082, 1086, 1087, 1088, 1089, 1090, 1091, 1092, 1093, 1094, 1095, 1096, 1097, 1098, 1099, 1100, 1101, 1102, 1103, 1104, 1105, 1106, 1107, 1108, 1109, 1110, 1111, 1112, 1114, 1116, 1119, 1127, 1128, 1129, 1131, 1135, 1136, 1138, 1139, 1142, 1143, 1144, 1146, 1152, 1155, 1156, 1157, 1159, 1165, 1178, 1191, 1248], "summary": {"covered_lines": 257, "num_statements": 540, "percent_covered": 47.592592592592595, "percent_covered_display": "48", "missing_lines": 283, "excluded_lines": 0, "percent_statements_covered": 47.592592592592595, "percent_statements_covered_display": "48"}, "missing_lines": [340, 341, 342, 343, 345, 346, 349, 352, 354, 357, 358, 359, 362, 363, 364, 366, 367, 369, 372, 374, 376, 377, 379, 380, 381, 382, 383, 384, 386, 387, 388, 390, 391, 394, 395, 397, 398, 399, 401, 402, 403, 404, 406, 407, 409, 410, 411, 415, 417, 419, 420, 421, 424, 425, 426, 427, 428, 429, 430, 433, 436, 437, 442, 443, 445, 446, 447, 449, 450, 451, 454, 456, 457, 458, 459, 462, 463, 464, 467, 468, 469, 470, 473, 474, 475, 476, 477, 482, 484, 485, 487, 488, 489, 490, 491, 492, 493, 498, 499, 500, 501, 503, 509, 510, 515, 564, 566, 622, 624, 626, 661, 662, 664, 666, 702, 714, 715, 720, 727, 728, 730, 731, 732, 733, 737, 738, 743, 744, 745, 746, 747, 748, 749, 757, 759, 762, 766, 794, 795, 805, 806, 808, 809, 811, 812, 813, 815, 816, 820, 822, 823, 838, 841, 842, 843, 844, 845, 847, 854, 855, 856, 860, 861, 862, 864, 866, 868, 869, 874, 875, 877, 878, 879, 881, 884, 885, 886, 887, 892, 893, 896, 897, 898, 900, 902, 903, 904, 906, 910, 911, 926, 928, 929, 930, 932, 934, 935, 937, 938, 942, 946, 947, 953, 954, 956, 959, 960, 961, 962, 965, 966, 967, 970, 971, 972, 973, 974, 980, 983, 985, 996, 1000, 1001, 1002, 1003, 1004, 1006, 1007, 1008, 1009, 1012, 1014, 1015, 1016, 1018, 1021, 1033, 1060, 1064, 1073, 1074, 1075, 1076, 1077, 1083, 1160, 1161, 1162, 1167, 1175, 1180, 1182, 1183, 1185, 1186, 1187, 1193, 1194, 1199, 1204, 1210, 1216, 1218, 1219, 1220, 1223, 1224, 1227, 1229, 1230, 1231, 1232, 1233, 1234, 1235, 1236, 1237, 1239, 1240, 1241, 1242, 1245, 1249], "excluded_lines": [], "start_line": 1}}}, "src/qwen3_call_patch_proxy/__main__.py": {"executed_lines": [], "summary": {"covered_lines": 0, "num_statements": 3, "percent_covered": 0.0, "percent_covered_display": "0", "missing_lines": 3, "excluded_lines": 0, "percent_statements_covered": 0.0, "percent_statements_covered_display": "0"}, "missing_lines": [1, 3, 4], "excluded_lines": [], "functions": {"": {"executed_lines": [], "summary": {"covered_lines": 0, "num_statements": 3, "percent_covered": 0.0, "percent_covered_display": "0", "missing_lines": 3, "excluded_lines": 0, "percent_statements_covered": 0.0, "percent_statements_covered_display": "0"}, "missing_lines": [1, 3, 4], "excluded_lines": [], "start_line": 1}}, "classes": {"": {"executed_lines": [], "summary": {"covered_lines": 0, "num_statements": 3, "percent_covered": 0.0, "percent_covered_display": "0", "missing_lines": 3, "excluded_lines": 0, "percent_statements_covered": 0.0, "percent_statements_covered_display": "0"}, "missing_lines": [1, 3, 4], "excluded_lines": [], "start_line": 1}}}}, "totals": {"covered_lines": 336, "num_statements": 647, "percent_covered": 51.931993817619784, "percent_covered_display": "52", "missing_lines": 311, "excluded_lines": 0, "percent_statements_covered": 51.931993817619784, "percent_statements_covered_display": "52"}}